"File: USER_PROGRAM.c  Assembler  Version HGASM0202      Page 1


   1  0000              ; Generated by holtek-gcc v3.17, Tue Aug 28 11:59:23 2018
   2  0000              ; 
   3  0000              ; Configuration:
   4  0000              ;       with long instruction
   5  0000              ;       Single ROM, Multi-RAM
   6  0000              ;       bits_per_rom_unit:16
   7  0000              ;       with mp1
   8  0000              ;       with tbhp, address(0x9)
   9  0000              ;          Use tabrd-const
  10  0000              ;       
  11  0000              ; SFR address of long-instruction arch:
  12  0000              ;    mp0 = -1,1,0
  13  0000              ;    mp1 = 4,3,2
  14  0000              ;    mp2 = 14,13,12
  15  0000              ;    tbp = 9,7,8
  16  0000              ;    acc = 5
  17  0000              ;    pcl = 6
  18  0000              ;    status = 10
  19  0000              ;    bp = 11
  20  0000              ;    intc = 16
  21  0000              ;       
  22  0000              ;       
  23  0000              ; use 'tabrdc' instead of 'tabrd'
  24  0000              ;       
  25  0000              
  26  0000              #pragma translator "holtek-gcc 4.6.4" "3.17" "build 20130711"
  27  0000              ; Rebuild 307
  28  0000              
  29  0000              ir equ [2]
  30  0000              mp equ [3]
  31  0000              sbp equ [4]
  32  0000              acc equ [5]
  33  0000              bp equ [11]
  34  0000              tblp equ [7]
  35  0000              tbhp equ [9]
  36  0000              status equ [10]
  37  0000              c equ [10].0
  38  0000              ac equ [10].1
  39  0000              z equ [10].2
  40  0000              ov equ [10].3
  41  0000              cz equ [10].6
  42  0000              sc equ [10].7
  43  0000              intc equ [16]
  44  0000              
  45  0000              extern ra:byte
  46  0000              extern rb:byte
  47  0000              extern rc:byte
  48  0000              extern rd:byte
  49  0000              extern re:byte
  50  0000              extern rf:byte
  51  0000              extern rg:byte
  52  0000              extern rh:byte
  53  0000              extern _Crom2Prom:near
  54  0000              extern _Crom2PromNext:near
  55  0000              
  56  0000              RAMBANK 0 @BITDATASEC, @BITDATASEC1
  57  0000              @HCCINIT	.section 'data'
  58  0000              @HCCINIT0	.section 'data'
  59  0000              @BITDATASEC	 .section 'data'
"File: USER_PROGRAM.ASM  Assembler  Version HGASM0202      Page 2

  60  0000              @BITDATASEC1	 .section 'data'
  61  0000              
  62  0000              #pragma debug scope 1 1
  63  0000              	extern __DELAY3:near
  64  0000              	extern __DELAYX3:near
  65  0000              	extern __DELAYX6:near
  66  0000              	extern __DELAYY5:near
  67  0000              	extern __DELAYY3:near
  68  0000              	extern _builtin_holtek_delay_2:byte
  69  0000              public _Interrupt_External
  70  0000              #pragma debug scope 2 1

  16  0000              #line 16 "C:\DATA\EDDY\F\Library\Library程s\BS86\BS86C16A_20150319_LIBV413\20150319_LIBV413\USER_PROGRAM\USER_PROGRAM.c"
  16  0000              @Interrupt_External_code .section at 4 'code'
  16  0000              _Interrupt_External:
  16  0000  0004        	reti
  16  0001              #line 16 "C:\DATA\EDDY\F\Library\Library程s\BS86\BS86C16A_20150319_LIBV413\20150319_LIBV413\USER_PROGRAM\USER_PROGRAM.c"
  16  0001              #pragma debug scope 1 1
  16  0001              ___pac equ [21]
  16  0001              ___pa equ [20]
  16  0001              public _USER_PROGRAM_INITIAL
  16  0001              #pragma debug scope 3 1
  24  0001              #line 24 "C:\DATA\EDDY\F\Library\Library程s\BS86\BS86C16A_20150319_LIBV413\20150319_LIBV413\USER_PROGRAM\USER_PROGRAM.c"
  24  0000              _USER_PROGRAM_INITIAL .section 'code'
  24  0000              _USER_PROGRAM_INITIAL proc
  27  0000              #line 27 "C:\DATA\EDDY\F\Library\Library程s\BS86\BS86C16A_20150319_LIBV413\20150319_LIBV413\USER_PROGRAM\USER_PROGRAM.c"
  27  0000  1F15        	clr [21]
  28  0001              #line 28 "C:\DATA\EDDY\F\Library\Library程s\BS86\BS86C16A_20150319_LIBV413\20150319_LIBV413\USER_PROGRAM\USER_PROGRAM.c"
  28  0001  1F14        	clr [20]
  28  0002  0003        	ret
  28  0003              _USER_PROGRAM_INITIAL endp
  28  0003              #line 28 "C:\DATA\EDDY\F\Library\Library程s\BS86\BS86C16A_20150319_LIBV413\20150319_LIBV413\USER_PROGRAM\USER_PROGRAM.c"
  28  0003              #pragma debug scope 1 1
  28  0003              public _USER_PROGRAM
  28  0003              #pragma debug scope 4 1
  37  0003              #line 37 "C:\DATA\EDDY\F\Library\Library程s\BS86\BS86C16A_20150319_LIBV413\20150319_LIBV413\USER_PROGRAM\USER_PROGRAM.c"
  37  0000              _USER_PROGRAM .section 'code'
  37  0000              _USER_PROGRAM proc
  37  0000  00              local _USER_PROGRAM_2 db 1 dup(?)	; 0,1
  39  0001              #line 39 "C:\DATA\EDDY\F\Library\Library程s\BS86\BS86C16A_20150319_LIBV413\20150319_LIBV413\USER_PROGRAM\USER_PROGRAM.c"
  39  0000  0700     E  	mov a,_TKS_FLAGA[0]
  39  0001  0080     R  	mov _USER_PROGRAM_2[0],a
  39  0002  3800     R  	snz _USER_PROGRAM_2[0].2
  39  0003  2800     R  	jmp _L3
  41  0004              #line 41 "C:\DATA\EDDY\F\Library\Library程s\BS86\BS86C16A_20150319_LIBV413\20150319_LIBV413\USER_PROGRAM\USER_PROGRAM.c"
  41  0004  3800     R  	snz _USER_PROGRAM_2[0].3
  41  0005  2800     R  	jmp _L5
  41  0006  3214        	set [20].4
  41  0007  2800     R  	jmp _L6
  41  0008              _L5:
  42  0008              #line 42 "C:\DATA\EDDY\F\Library\Library程s\BS86\BS86C16A_20150319_LIBV413\20150319_LIBV413\USER_PROGRAM\USER_PROGRAM.c"
  42  0008  3614        	clr [20].4
  42  0009              _L6:
  44  0009              #line 44 "C:\DATA\EDDY\F\Library\Library程s\BS86\BS86C16A_20150319_LIBV413\20150319_LIBV413\USER_PROGRAM\USER_PROGRAM.c"
  44  0009  2000     E  	call _GET_KEY_BITMAP
  44  000A              _L3:
  44  000A  0003        	ret
  44  000B              _USER_PROGRAM endp
  44  000B              #line 44 "C:\DATA\EDDY\F\Library\Library程s\BS86\BS86C16A_20150319_LIBV413\20150319_LIBV413\USER_PROGRAM\USER_PROGRAM.c"
  44  000B              #pragma debug scope 1 1
"File: USER_PROGRAM.c  Assembler  Version HGASM0202      Page 3

  44  000B              #pragma debug struct_end
  44  000B              #pragma debug struct_end
  44  000B              #pragma debug union_end
  44  000B              #pragma debug union_end
  44  000B              #pragma debug variable 43 1 ___pa "__pa" 1
  44  000B              #pragma debug struct_end
  44  000B              #pragma debug struct_end
  44  000B              #pragma debug union_end
  44  000B              #pragma debug union_end
  44  000B              #pragma debug variable 45 1 ___pac "__pac" 1
  44  000B              
  44  000B              ; output external variables
  44  000B              extern _TKS_FLAGA:byte
  44  000B              extern _GET_KEY_BITMAP:near
  44  000B              
  44  000B              ; 
  44  000B              ; Generated by holtek-gcc v3.17, Tue Aug 28 11:59:23 2018
  44  000B              ; Rebuild 307
  44  000B              ; end of file


        0 Errors, 0